Analysis & Synthesis report for 171044002
Mon Jan 11 22:12:59 2021
Quartus II 64-Bit Version 13.1.0 Build 162 10/23/2013 SJ Web Edition


---------------------
; Table of Contents ;
---------------------
  1. Legal Notice
  2. Analysis & Synthesis Summary
  3. Analysis & Synthesis Settings
  4. Parallel Compilation
  5. Analysis & Synthesis Source Files Read
  6. Analysis & Synthesis Resource Usage Summary
  7. Analysis & Synthesis Resource Utilization by Entity
  8. General Register Statistics
  9. Port Connectivity Checks: "mux_2x1_32bit:mux11"
 10. Port Connectivity Checks: "mux_2x1_32bit:mux8"
 11. Port Connectivity Checks: "mux_2x1_32bit:mux7"
 12. Port Connectivity Checks: "comparator_32bit:comparator|adder_32bit:adder"
 13. Port Connectivity Checks: "comparator_32bit:comparator"
 14. Port Connectivity Checks: "adder_32bit:adder2"
 15. Port Connectivity Checks: "adder_32bit:adder1"
 16. Port Connectivity Checks: "ALU_32bit:ALU|ALU_1bit_MSB:ALU31"
 17. Port Connectivity Checks: "mux_2x1_32bit:mux2"
 18. Port Connectivity Checks: "mux_2x1_5bit:mux1"
 19. Elapsed Time Per Partition
 20. Analysis & Synthesis Messages



----------------
; Legal Notice ;
----------------
Copyright (C) 1991-2013 Altera Corporation
Your use of Altera Corporation's design tools, logic functions 
and other software and tools, and its AMPP partner logic 
functions, and any output files from any of the foregoing 
(including device programming or simulation files), and any 
associated documentation or information are expressly subject 
to the terms and conditions of the Altera Program License 
Subscription Agreement, Altera MegaCore Function License 
Agreement, or other applicable license agreement, including, 
without limitation, that your use is for the sole purpose of 
programming logic devices manufactured by Altera and sold by 
Altera or its authorized distributors.  Please refer to the 
applicable agreement for further details.



+---------------------------------------------------------------------------------+
; Analysis & Synthesis Summary                                                    ;
+------------------------------------+--------------------------------------------+
; Analysis & Synthesis Status        ; Successful - Mon Jan 11 22:12:59 2021      ;
; Quartus II 64-Bit Version          ; 13.1.0 Build 162 10/23/2013 SJ Web Edition ;
; Revision Name                      ; 171044002                                  ;
; Top-level Entity Name              ; mips32                                     ;
; Family                             ; Cyclone III                                ;
; Total logic elements               ; 0                                          ;
;     Total combinational functions  ; 0                                          ;
;     Dedicated logic registers      ; 0                                          ;
; Total registers                    ; 0                                          ;
; Total pins                         ; 1                                          ;
; Total virtual pins                 ; 0                                          ;
; Total memory bits                  ; 0                                          ;
; Embedded Multiplier 9-bit elements ; 0                                          ;
; Total PLLs                         ; 0                                          ;
+------------------------------------+--------------------------------------------+


+----------------------------------------------------------------------------------------------------------------------+
; Analysis & Synthesis Settings                                                                                        ;
+----------------------------------------------------------------------------+--------------------+--------------------+
; Option                                                                     ; Setting            ; Default Value      ;
+----------------------------------------------------------------------------+--------------------+--------------------+
; Top-level entity name                                                      ; mips32             ; 171044002          ;
; Family name                                                                ; Cyclone III        ; Cyclone IV GX      ;
; Use smart compilation                                                      ; Off                ; Off                ;
; Enable parallel Assembler and TimeQuest Timing Analyzer during compilation ; On                 ; On                 ;
; Enable compact report table                                                ; Off                ; Off                ;
; Restructure Multiplexers                                                   ; Auto               ; Auto               ;
; Create Debugging Nodes for IP Cores                                        ; Off                ; Off                ;
; Preserve fewer node names                                                  ; On                 ; On                 ;
; Disable OpenCore Plus hardware evaluation                                  ; Off                ; Off                ;
; Verilog Version                                                            ; Verilog_2001       ; Verilog_2001       ;
; VHDL Version                                                               ; VHDL_1993          ; VHDL_1993          ;
; State Machine Processing                                                   ; Auto               ; Auto               ;
; Safe State Machine                                                         ; Off                ; Off                ;
; Extract Verilog State Machines                                             ; On                 ; On                 ;
; Extract VHDL State Machines                                                ; On                 ; On                 ;
; Ignore Verilog initial constructs                                          ; Off                ; Off                ;
; Iteration limit for constant Verilog loops                                 ; 5000               ; 5000               ;
; Iteration limit for non-constant Verilog loops                             ; 250                ; 250                ;
; Add Pass-Through Logic to Inferred RAMs                                    ; On                 ; On                 ;
; Infer RAMs from Raw Logic                                                  ; On                 ; On                 ;
; Parallel Synthesis                                                         ; On                 ; On                 ;
; DSP Block Balancing                                                        ; Auto               ; Auto               ;
; NOT Gate Push-Back                                                         ; On                 ; On                 ;
; Power-Up Don't Care                                                        ; On                 ; On                 ;
; Remove Redundant Logic Cells                                               ; Off                ; Off                ;
; Remove Duplicate Registers                                                 ; On                 ; On                 ;
; Ignore CARRY Buffers                                                       ; Off                ; Off                ;
; Ignore CASCADE Buffers                                                     ; Off                ; Off                ;
; Ignore GLOBAL Buffers                                                      ; Off                ; Off                ;
; Ignore ROW GLOBAL Buffers                                                  ; Off                ; Off                ;
; Ignore LCELL Buffers                                                       ; Off                ; Off                ;
; Ignore SOFT Buffers                                                        ; On                 ; On                 ;
; Limit AHDL Integers to 32 Bits                                             ; Off                ; Off                ;
; Optimization Technique                                                     ; Balanced           ; Balanced           ;
; Carry Chain Length                                                         ; 70                 ; 70                 ;
; Auto Carry Chains                                                          ; On                 ; On                 ;
; Auto Open-Drain Pins                                                       ; On                 ; On                 ;
; Perform WYSIWYG Primitive Resynthesis                                      ; Off                ; Off                ;
; Auto ROM Replacement                                                       ; On                 ; On                 ;
; Auto RAM Replacement                                                       ; On                 ; On                 ;
; Auto DSP Block Replacement                                                 ; On                 ; On                 ;
; Auto Shift Register Replacement                                            ; Auto               ; Auto               ;
; Allow Shift Register Merging across Hierarchies                            ; Auto               ; Auto               ;
; Auto Clock Enable Replacement                                              ; On                 ; On                 ;
; Strict RAM Replacement                                                     ; Off                ; Off                ;
; Allow Synchronous Control Signals                                          ; On                 ; On                 ;
; Force Use of Synchronous Clear Signals                                     ; Off                ; Off                ;
; Auto RAM Block Balancing                                                   ; On                 ; On                 ;
; Auto RAM to Logic Cell Conversion                                          ; Off                ; Off                ;
; Auto Resource Sharing                                                      ; Off                ; Off                ;
; Allow Any RAM Size For Recognition                                         ; Off                ; Off                ;
; Allow Any ROM Size For Recognition                                         ; Off                ; Off                ;
; Allow Any Shift Register Size For Recognition                              ; Off                ; Off                ;
; Use LogicLock Constraints during Resource Balancing                        ; On                 ; On                 ;
; Ignore translate_off and synthesis_off directives                          ; Off                ; Off                ;
; Timing-Driven Synthesis                                                    ; On                 ; On                 ;
; Report Parameter Settings                                                  ; On                 ; On                 ;
; Report Source Assignments                                                  ; On                 ; On                 ;
; Report Connectivity Checks                                                 ; On                 ; On                 ;
; Ignore Maximum Fan-Out Assignments                                         ; Off                ; Off                ;
; Synchronization Register Chain Length                                      ; 2                  ; 2                  ;
; PowerPlay Power Optimization                                               ; Normal compilation ; Normal compilation ;
; HDL message level                                                          ; Level2             ; Level2             ;
; Suppress Register Optimization Related Messages                            ; Off                ; Off                ;
; Number of Removed Registers Reported in Synthesis Report                   ; 5000               ; 5000               ;
; Number of Swept Nodes Reported in Synthesis Report                         ; 5000               ; 5000               ;
; Number of Inverted Registers Reported in Synthesis Report                  ; 100                ; 100                ;
; Clock MUX Protection                                                       ; On                 ; On                 ;
; Auto Gated Clock Conversion                                                ; Off                ; Off                ;
; Block Design Naming                                                        ; Auto               ; Auto               ;
; SDC constraint protection                                                  ; Off                ; Off                ;
; Synthesis Effort                                                           ; Auto               ; Auto               ;
; Shift Register Replacement - Allow Asynchronous Clear Signal               ; On                 ; On                 ;
; Pre-Mapping Resynthesis Optimization                                       ; Off                ; Off                ;
; Analysis & Synthesis Message Level                                         ; Medium             ; Medium             ;
; Disable Register Merging Across Hierarchies                                ; Auto               ; Auto               ;
; Resource Aware Inference For Block RAM                                     ; On                 ; On                 ;
; Synthesis Seed                                                             ; 1                  ; 1                  ;
+----------------------------------------------------------------------------+--------------------+--------------------+


+------------------------------------------+
; Parallel Compilation                     ;
+----------------------------+-------------+
; Processors                 ; Number      ;
+----------------------------+-------------+
; Number detected on machine ; 8           ;
; Maximum allowed            ; 4           ;
;                            ;             ;
; Average used               ; 1.00        ;
; Maximum used               ; 1           ;
;                            ;             ;
; Usage by Processor         ; % Time Used ;
;     Processor 1            ; 100.0%      ;
;     Processors 2-8         ;   0.0%      ;
+----------------------------+-------------+


+------------------------------------------------------------------------------------------------------------------------------------------------------------+
; Analysis & Synthesis Source Files Read                                                                                                                     ;
+----------------------------------+-----------------+------------------------+--------------------------------------------------------------------+---------+
; File Name with User-Entered Path ; Used in Netlist ; File Type              ; File Name with Absolute Path                                       ; Library ;
+----------------------------------+-----------------+------------------------+--------------------------------------------------------------------+---------+
; source/mux_2x1_1bit.v            ; yes             ; User Verilog HDL File  ; C:/altera/13.1/workspace/171044002/source/mux_2x1_1bit.v           ;         ;
; source/mux_2x1_2bit.v            ; yes             ; User Verilog HDL File  ; C:/altera/13.1/workspace/171044002/source/mux_2x1_2bit.v           ;         ;
; source/mux_2x1_4bit.v            ; yes             ; User Verilog HDL File  ; C:/altera/13.1/workspace/171044002/source/mux_2x1_4bit.v           ;         ;
; source/mux_2x1_5bit.v            ; yes             ; User Verilog HDL File  ; C:/altera/13.1/workspace/171044002/source/mux_2x1_5bit.v           ;         ;
; source/mux_2x1_8bit.v            ; yes             ; User Verilog HDL File  ; C:/altera/13.1/workspace/171044002/source/mux_2x1_8bit.v           ;         ;
; source/mux_2x1_16bit.v           ; yes             ; User Verilog HDL File  ; C:/altera/13.1/workspace/171044002/source/mux_2x1_16bit.v          ;         ;
; source/mux_2x1_32bit.v           ; yes             ; User Verilog HDL File  ; C:/altera/13.1/workspace/171044002/source/mux_2x1_32bit.v          ;         ;
; source/half_adder.v              ; yes             ; User Verilog HDL File  ; C:/altera/13.1/workspace/171044002/source/half_adder.v             ;         ;
; source/full_adder.v              ; yes             ; User Verilog HDL File  ; C:/altera/13.1/workspace/171044002/source/full_adder.v             ;         ;
; source/adder_2bit.v              ; yes             ; User Verilog HDL File  ; C:/altera/13.1/workspace/171044002/source/adder_2bit.v             ;         ;
; source/adder_4bit.v              ; yes             ; User Verilog HDL File  ; C:/altera/13.1/workspace/171044002/source/adder_4bit.v             ;         ;
; source/adder_8bit.v              ; yes             ; User Verilog HDL File  ; C:/altera/13.1/workspace/171044002/source/adder_8bit.v             ;         ;
; source/adder_16bit.v             ; yes             ; User Verilog HDL File  ; C:/altera/13.1/workspace/171044002/source/adder_16bit.v            ;         ;
; source/adder_32bit.v             ; yes             ; User Verilog HDL File  ; C:/altera/13.1/workspace/171044002/source/adder_32bit.v            ;         ;
; source/sign_extender_16_to_32.v  ; yes             ; User Verilog HDL File  ; C:/altera/13.1/workspace/171044002/source/sign_extender_16_to_32.v ;         ;
; source/zero_extender_16_to_32.v  ; yes             ; User Verilog HDL File  ; C:/altera/13.1/workspace/171044002/source/zero_extender_16_to_32.v ;         ;
; source/left_shifter_2bit.v       ; yes             ; User Verilog HDL File  ; C:/altera/13.1/workspace/171044002/source/left_shifter_2bit.v      ;         ;
; source/comparator_32bit.v        ; yes             ; User Verilog HDL File  ; C:/altera/13.1/workspace/171044002/source/comparator_32bit.v       ;         ;
; source/ALU_1bit.v                ; yes             ; User Verilog HDL File  ; C:/altera/13.1/workspace/171044002/source/ALU_1bit.v               ;         ;
; source/ALU_1bit_MSB.v            ; yes             ; User Verilog HDL File  ; C:/altera/13.1/workspace/171044002/source/ALU_1bit_MSB.v           ;         ;
; source/ALU_32bit.v               ; yes             ; User Verilog HDL File  ; C:/altera/13.1/workspace/171044002/source/ALU_32bit.v              ;         ;
; source/ALU_control.v             ; yes             ; User Verilog HDL File  ; C:/altera/13.1/workspace/171044002/source/ALU_control.v            ;         ;
; source/Control.v                 ; yes             ; User Verilog HDL File  ; C:/altera/13.1/workspace/171044002/source/Control.v                ;         ;
; source/Instruction_Memory.v      ; yes             ; User Verilog HDL File  ; C:/altera/13.1/workspace/171044002/source/Instruction_Memory.v     ;         ;
; source/Registers.v               ; yes             ; User Verilog HDL File  ; C:/altera/13.1/workspace/171044002/source/Registers.v              ;         ;
; source/Data_Memory.v             ; yes             ; User Verilog HDL File  ; C:/altera/13.1/workspace/171044002/source/Data_Memory.v            ;         ;
; source/mips32.v                  ; yes             ; User Verilog HDL File  ; C:/altera/13.1/workspace/171044002/source/mips32.v                 ;         ;
+----------------------------------+-----------------+------------------------+--------------------------------------------------------------------+---------+


+-----------------------------------------------------+
; Analysis & Synthesis Resource Usage Summary         ;
+---------------------------------------------+-------+
; Resource                                    ; Usage ;
+---------------------------------------------+-------+
;                                             ;       ;
; Total combinational functions               ; 0     ;
; Logic element usage by number of LUT inputs ;       ;
;     -- 4 input functions                    ; 0     ;
;     -- 3 input functions                    ; 0     ;
;     -- <=2 input functions                  ; 0     ;
;                                             ;       ;
; Logic elements by mode                      ;       ;
;     -- normal mode                          ; 0     ;
;     -- arithmetic mode                      ; 0     ;
;                                             ;       ;
; Total registers                             ; 0     ;
;     -- Dedicated logic registers            ; 0     ;
;     -- I/O registers                        ; 0     ;
;                                             ;       ;
; I/O pins                                    ; 1     ;
; Embedded Multiplier 9-bit elements          ; 0     ;
; Maximum fan-out node                        ; CLK   ;
; Maximum fan-out                             ; 1     ;
; Total fan-out                               ; 1     ;
; Average fan-out                             ; 0.50  ;
+---------------------------------------------+-------+


+-----------------------------------------------------------------------------------------------------------------------------------------------------------------------------+
; Analysis & Synthesis Resource Utilization by Entity                                                                                                                         ;
+----------------------------+-------------------+--------------+-------------+--------------+---------+-----------+------+--------------+---------------------+--------------+
; Compilation Hierarchy Node ; LC Combinationals ; LC Registers ; Memory Bits ; DSP Elements ; DSP 9x9 ; DSP 18x18 ; Pins ; Virtual Pins ; Full Hierarchy Name ; Library Name ;
+----------------------------+-------------------+--------------+-------------+--------------+---------+-----------+------+--------------+---------------------+--------------+
; |mips32                    ; 0 (0)             ; 0 (0)        ; 0           ; 0            ; 0       ; 0         ; 1    ; 0            ; |mips32             ; work         ;
+----------------------------+-------------------+--------------+-------------+--------------+---------+-----------+------+--------------+---------------------+--------------+
Note: For table entries with two numbers listed, the numbers in parentheses indicate the number of resources of the given type used by the specific entity alone. The numbers listed outside of parentheses indicate the total resources of the given type used by the specific entity and all of its sub-entities in the hierarchy.


+------------------------------------------------------+
; General Register Statistics                          ;
+----------------------------------------------+-------+
; Statistic                                    ; Value ;
+----------------------------------------------+-------+
; Total registers                              ; 0     ;
; Number of registers using Synchronous Clear  ; 0     ;
; Number of registers using Synchronous Load   ; 0     ;
; Number of registers using Asynchronous Clear ; 0     ;
; Number of registers using Asynchronous Load  ; 0     ;
; Number of registers using Clock Enable       ; 0     ;
; Number of registers using Preset             ; 0     ;
+----------------------------------------------+-------+


+-------------------------------------------------+
; Port Connectivity Checks: "mux_2x1_32bit:mux11" ;
+-----------+-------+----------+------------------+
; Port      ; Type  ; Severity ; Details          ;
+-----------+-------+----------+------------------+
; in1[1..0] ; Input ; Info     ; Stuck at GND     ;
+-----------+-------+----------+------------------+


+------------------------------------------------+
; Port Connectivity Checks: "mux_2x1_32bit:mux8" ;
+------------+-------+----------+----------------+
; Port       ; Type  ; Severity ; Details        ;
+------------+-------+----------+----------------+
; in2[1..0]  ; Input ; Info     ; Stuck at VCC   ;
; in2[31..2] ; Input ; Info     ; Stuck at GND   ;
+------------+-------+----------+----------------+


+------------------------------------------------+
; Port Connectivity Checks: "mux_2x1_32bit:mux7" ;
+------------+-------+----------+----------------+
; Port       ; Type  ; Severity ; Details        ;
+------------+-------+----------+----------------+
; in1[31..2] ; Input ; Info     ; Stuck at GND   ;
; in1[1]     ; Input ; Info     ; Stuck at VCC   ;
; in1[0]     ; Input ; Info     ; Stuck at GND   ;
; in2[31..1] ; Input ; Info     ; Stuck at GND   ;
; in2[0]     ; Input ; Info     ; Stuck at VCC   ;
+------------+-------+----------+----------------+


+---------------------------------------------------------------------------------------------------------------------+
; Port Connectivity Checks: "comparator_32bit:comparator|adder_32bit:adder"                                           ;
+-----------+--------+----------+-------------------------------------------------------------------------------------+
; Port      ; Type   ; Severity ; Details                                                                             ;
+-----------+--------+----------+-------------------------------------------------------------------------------------+
; carry_in  ; Input  ; Info     ; Stuck at VCC                                                                        ;
; carry_out ; Output ; Info     ; Connected to dangling logic. Logic that only feeds a dangling port will be removed. ;
+-----------+--------+----------+-------------------------------------------------------------------------------------+


+---------------------------------------------------------+
; Port Connectivity Checks: "comparator_32bit:comparator" ;
+------+-------+----------+-------------------------------+
; Port ; Type  ; Severity ; Details                       ;
+------+-------+----------+-------------------------------+
; in2  ; Input ; Info     ; Stuck at GND                  ;
+------+-------+----------+-------------------------------+


+---------------------------------------------------------------------------------------------------------------------+
; Port Connectivity Checks: "adder_32bit:adder2"                                                                      ;
+-----------+--------+----------+-------------------------------------------------------------------------------------+
; Port      ; Type   ; Severity ; Details                                                                             ;
+-----------+--------+----------+-------------------------------------------------------------------------------------+
; carry_in  ; Input  ; Info     ; Stuck at GND                                                                        ;
; carry_out ; Output ; Info     ; Connected to dangling logic. Logic that only feeds a dangling port will be removed. ;
+-----------+--------+----------+-------------------------------------------------------------------------------------+


+----------------------------------------------------------------------------------------------------------------------+
; Port Connectivity Checks: "adder_32bit:adder1"                                                                       ;
+------------+--------+----------+-------------------------------------------------------------------------------------+
; Port       ; Type   ; Severity ; Details                                                                             ;
+------------+--------+----------+-------------------------------------------------------------------------------------+
; in2[31..3] ; Input  ; Info     ; Stuck at GND                                                                        ;
; in2[1..0]  ; Input  ; Info     ; Stuck at GND                                                                        ;
; in2[2]     ; Input  ; Info     ; Stuck at VCC                                                                        ;
; carry_in   ; Input  ; Info     ; Stuck at GND                                                                        ;
; carry_out  ; Output ; Info     ; Connected to dangling logic. Logic that only feeds a dangling port will be removed. ;
+------------+--------+----------+-------------------------------------------------------------------------------------+


+----------------------------------------------------------------------------------------------------------------+
; Port Connectivity Checks: "ALU_32bit:ALU|ALU_1bit_MSB:ALU31"                                                   ;
+------+--------+----------+-------------------------------------------------------------------------------------+
; Port ; Type   ; Severity ; Details                                                                             ;
+------+--------+----------+-------------------------------------------------------------------------------------+
; cout ; Output ; Info     ; Connected to dangling logic. Logic that only feeds a dangling port will be removed. ;
+------+--------+----------+-------------------------------------------------------------------------------------+


+------------------------------------------------+
; Port Connectivity Checks: "mux_2x1_32bit:mux2" ;
+------------+-------+----------+----------------+
; Port       ; Type  ; Severity ; Details        ;
+------------+-------+----------+----------------+
; in2[15..0] ; Input ; Info     ; Stuck at GND   ;
+------------+-------+----------+----------------+


+-----------------------------------------------+
; Port Connectivity Checks: "mux_2x1_5bit:mux1" ;
+------+-------+----------+---------------------+
; Port ; Type  ; Severity ; Details             ;
+------+-------+----------+---------------------+
; in2  ; Input ; Info     ; Stuck at VCC        ;
+------+-------+----------+---------------------+


+-------------------------------+
; Elapsed Time Per Partition    ;
+----------------+--------------+
; Partition Name ; Elapsed Time ;
+----------------+--------------+
; Top            ; 00:00:00     ;
+----------------+--------------+


+-------------------------------+
; Analysis & Synthesis Messages ;
+-------------------------------+
Info: *******************************************************************
Info: Running Quartus II 64-Bit Analysis & Synthesis
    Info: Version 13.1.0 Build 162 10/23/2013 SJ Web Edition
    Info: Processing started: Mon Jan 11 22:12:55 2021
Info: Command: quartus_map --read_settings_files=on --write_settings_files=off 171044002 -c 171044002
Info (11104): Parallel Compilation has detected 8 hyper-threaded processors. However, the extra hyper-threaded processors will not be used by default. Parallel Compilation will use 4 of the 4 physical processors detected instead.
Info (12021): Found 1 design units, including 1 entities, in source file source/mux_2x1_1bit.v
    Info (12023): Found entity 1: mux_2x1_1bit
Info (12021): Found 1 design units, including 1 entities, in source file source/mux_2x1_2bit.v
    Info (12023): Found entity 1: mux_2x1_2bit
Info (12021): Found 1 design units, including 1 entities, in source file source/mux_2x1_4bit.v
    Info (12023): Found entity 1: mux_2x1_4bit
Info (12021): Found 1 design units, including 1 entities, in source file source/mux_2x1_5bit.v
    Info (12023): Found entity 1: mux_2x1_5bit
Info (12021): Found 1 design units, including 1 entities, in source file source/mux_2x1_8bit.v
    Info (12023): Found entity 1: mux_2x1_8bit
Info (12021): Found 1 design units, including 1 entities, in source file source/mux_2x1_16bit.v
    Info (12023): Found entity 1: mux_2x1_16bit
Info (12021): Found 1 design units, including 1 entities, in source file source/mux_2x1_32bit.v
    Info (12023): Found entity 1: mux_2x1_32bit
Info (12021): Found 1 design units, including 1 entities, in source file source/half_adder.v
    Info (12023): Found entity 1: half_adder
Info (12021): Found 1 design units, including 1 entities, in source file source/full_adder.v
    Info (12023): Found entity 1: full_adder
Info (12021): Found 1 design units, including 1 entities, in source file source/adder_2bit.v
    Info (12023): Found entity 1: adder_2bit
Info (12021): Found 1 design units, including 1 entities, in source file source/adder_4bit.v
    Info (12023): Found entity 1: adder_4bit
Info (12021): Found 1 design units, including 1 entities, in source file source/adder_8bit.v
    Info (12023): Found entity 1: adder_8bit
Info (12021): Found 1 design units, including 1 entities, in source file source/adder_16bit.v
    Info (12023): Found entity 1: adder_16bit
Info (12021): Found 1 design units, including 1 entities, in source file source/adder_32bit.v
    Info (12023): Found entity 1: adder_32bit
Info (12021): Found 1 design units, including 1 entities, in source file source/sign_extender_16_to_32.v
    Info (12023): Found entity 1: sign_extender_16_to_32
Info (12021): Found 1 design units, including 1 entities, in source file source/zero_extender_16_to_32.v
    Info (12023): Found entity 1: zero_extender_16_to_32
Info (12021): Found 1 design units, including 1 entities, in source file source/left_shifter_2bit.v
    Info (12023): Found entity 1: left_shifter_2bit
Info (12021): Found 1 design units, including 1 entities, in source file source/comparator_32bit.v
    Info (12023): Found entity 1: comparator_32bit
Info (12021): Found 1 design units, including 1 entities, in source file source/alu_1bit.v
    Info (12023): Found entity 1: ALU_1bit
Info (12021): Found 1 design units, including 1 entities, in source file source/alu_1bit_msb.v
    Info (12023): Found entity 1: ALU_1bit_MSB
Info (12021): Found 1 design units, including 1 entities, in source file source/alu_32bit.v
    Info (12023): Found entity 1: ALU_32bit
Info (12021): Found 1 design units, including 1 entities, in source file source/alu_control.v
    Info (12023): Found entity 1: ALU_control
Info (12021): Found 1 design units, including 1 entities, in source file source/control.v
    Info (12023): Found entity 1: Control
Info (12021): Found 1 design units, including 1 entities, in source file source/instruction_memory.v
    Info (12023): Found entity 1: Instruction_Memory
Info (12021): Found 1 design units, including 1 entities, in source file source/registers.v
    Info (12023): Found entity 1: Registers
Info (12021): Found 1 design units, including 1 entities, in source file source/data_memory.v
    Info (12023): Found entity 1: Data_Memory
Info (12021): Found 1 design units, including 1 entities, in source file source/mips32.v
    Info (12023): Found entity 1: mips32
Info (12021): Found 1 design units, including 1 entities, in source file source/mips32_testbench.v
    Info (12023): Found entity 1: mips32_testbench
Info (12127): Elaborating entity "mips32" for the top level hierarchy
Info (12128): Elaborating entity "Instruction_Memory" for hierarchy "Instruction_Memory:inst_mem"
Warning (10858): Verilog HDL warning at Instruction_Memory.v(2): object instruction_memory used but never assigned
Warning (10030): Net "instruction_memory" at Instruction_Memory.v(2) has no driver or initial value, using a default initial value '0'
Info (12128): Elaborating entity "Control" for hierarchy "Control:control"
Info (12128): Elaborating entity "mux_2x1_5bit" for hierarchy "mux_2x1_5bit:mux0"
Info (12128): Elaborating entity "mux_2x1_1bit" for hierarchy "mux_2x1_5bit:mux0|mux_2x1_1bit:mux0"
Info (12128): Elaborating entity "mux_2x1_32bit" for hierarchy "mux_2x1_32bit:mux2"
Info (12128): Elaborating entity "mux_2x1_16bit" for hierarchy "mux_2x1_32bit:mux2|mux_2x1_16bit:mux0"
Info (12128): Elaborating entity "mux_2x1_8bit" for hierarchy "mux_2x1_32bit:mux2|mux_2x1_16bit:mux0|mux_2x1_8bit:mux0"
Info (12128): Elaborating entity "mux_2x1_4bit" for hierarchy "mux_2x1_32bit:mux2|mux_2x1_16bit:mux0|mux_2x1_8bit:mux0|mux_2x1_4bit:mux0"
Info (12128): Elaborating entity "mux_2x1_2bit" for hierarchy "mux_2x1_32bit:mux2|mux_2x1_16bit:mux0|mux_2x1_8bit:mux0|mux_2x1_4bit:mux0|mux_2x1_2bit:mux0"
Info (12128): Elaborating entity "sign_extender_16_to_32" for hierarchy "sign_extender_16_to_32:sign_extender"
Info (12128): Elaborating entity "zero_extender_16_to_32" for hierarchy "zero_extender_16_to_32:zero_extender"
Info (12128): Elaborating entity "Registers" for hierarchy "Registers:register"
Info (12128): Elaborating entity "ALU_control" for hierarchy "ALU_control:ALUcontrol"
Info (12128): Elaborating entity "ALU_32bit" for hierarchy "ALU_32bit:ALU"
Info (12128): Elaborating entity "ALU_1bit" for hierarchy "ALU_32bit:ALU|ALU_1bit:ALU0"
Info (12128): Elaborating entity "ALU_1bit_MSB" for hierarchy "ALU_32bit:ALU|ALU_1bit_MSB:ALU31"
Info (12128): Elaborating entity "adder_32bit" for hierarchy "adder_32bit:adder1"
Info (12128): Elaborating entity "adder_16bit" for hierarchy "adder_32bit:adder1|adder_16bit:add1"
Info (12128): Elaborating entity "adder_8bit" for hierarchy "adder_32bit:adder1|adder_16bit:add1|adder_8bit:add1"
Info (12128): Elaborating entity "adder_4bit" for hierarchy "adder_32bit:adder1|adder_16bit:add1|adder_8bit:add1|adder_4bit:add1"
Info (12128): Elaborating entity "adder_2bit" for hierarchy "adder_32bit:adder1|adder_16bit:add1|adder_8bit:add1|adder_4bit:add1|adder_2bit:add1"
Info (12128): Elaborating entity "full_adder" for hierarchy "adder_32bit:adder1|adder_16bit:add1|adder_8bit:add1|adder_4bit:add1|adder_2bit:add1|full_adder:fa1"
Info (12128): Elaborating entity "half_adder" for hierarchy "adder_32bit:adder1|adder_16bit:add1|adder_8bit:add1|adder_4bit:add1|adder_2bit:add1|full_adder:fa1|half_adder:first_sum"
Info (12128): Elaborating entity "left_shifter_2bit" for hierarchy "left_shifter_2bit:shifter"
Info (12128): Elaborating entity "Data_Memory" for hierarchy "Data_Memory:data_memory"
Info (12128): Elaborating entity "comparator_32bit" for hierarchy "comparator_32bit:comparator"
Info (16010): Generating hard_block partition "hard_block:auto_generated_inst"
    Info (16011): Adding 0 node(s), including 0 DDIO, 0 PLL, 0 transceiver and 0 LCELL
Warning (21074): Design contains 1 input pin(s) that do not drive logic
    Warning (15610): No output dependent on input pin "CLK"
Info (21057): Implemented 1 device resources after synthesis - the final resource count might be different
    Info (21058): Implemented 1 input pins
    Info (21059): Implemented 0 output pins
Info: Quartus II 64-Bit Analysis & Synthesis was successful. 0 errors, 4 warnings
    Info: Peak virtual memory: 4676 megabytes
    Info: Processing ended: Mon Jan 11 22:12:59 2021
    Info: Elapsed time: 00:00:04
    Info: Total CPU time (on all processors): 00:00:04


